<?xml version="1.0" encoding="UTF-8"?>
<testng-results total="7" passed="7" failed="0" skipped="0">
  <reporter-output>
  </reporter-output>
  <suite started-at="2024-07-24T14:16:51Z" name="Test Suite for Buildout" finished-at="2024-07-24T14:18:54Z" duration-ms="122777">
    <groups>
    </groups>
    <test started-at="2024-07-24T14:16:51Z" name="Test Cases for Buildout" finished-at="2024-07-24T14:18:54Z" duration-ms="122777">
      <class name="demo.TestCases">
        <test-method is-config="true" signature="startBrowser()[pri:0, instance:demo.TestCases@52de51b6]" started-at="2024-07-24T19:46:51Z" name="startBrowser" finished-at="2024-07-24T19:46:56Z" duration-ms="4808" status="PASS">
          <reporter-output>
          </reporter-output>
        </test-method> <!-- startBrowser -->
        <test-method signature="testCase01()[pri:1, instance:demo.TestCases@52de51b6]" started-at="2024-07-24T19:46:56Z" name="testCase01" description="URL assertion and about page message printing" finished-at="2024-07-24T19:47:14Z" duration-ms="18088" status="PASS">
          <reporter-output>
          </reporter-output>
        </test-method> <!-- testCase01 -->
        <test-method signature="testCase02()[pri:2, instance:demo.TestCases@52de51b6]" started-at="2024-07-24T19:47:14Z" name="testCase02" description="Assertion for the movie is marked “A” for Mature or not and whether the movie is either “Comedy” or “Animation" finished-at="2024-07-24T19:47:39Z" duration-ms="24698" status="PASS">
          <reporter-output>
          </reporter-output>
        </test-method> <!-- testCase02 -->
        <test-method signature="testCase03()[pri:3, instance:demo.TestCases@52de51b6]" started-at="2024-07-24T19:47:39Z" name="testCase03" description="URL assertion and about page message printing" finished-at="2024-07-24T19:47:53Z" duration-ms="14152" status="PASS">
          <reporter-output>
          </reporter-output>
        </test-method> <!-- testCase03 -->
        <test-method signature="testCase04()[pri:4, instance:demo.TestCases@52de51b6]" started-at="2024-07-24T19:47:53Z" name="testCase04" description="URL assertion and about page message printing" finished-at="2024-07-24T19:48:06Z" duration-ms="12603" status="PASS">
          <reporter-output>
          </reporter-output>
        </test-method> <!-- testCase04 -->
        <test-method signature="testCase05(java.lang.String)[pri:5, instance:demo.TestCases@52de51b6]" started-at="2024-07-24T19:48:06Z" name="testCase05" data-provider="excelData" finished-at="2024-07-24T19:48:30Z" duration-ms="24192" status="PASS">
          <params>
            <param index="0">
              <value>
                <![CDATA[Movies]]>
              </value>
            </param>
          </params>
          <reporter-output>
          </reporter-output>
        </test-method> <!-- testCase05 -->
        <test-method signature="testCase05(java.lang.String)[pri:5, instance:demo.TestCases@52de51b6]" started-at="2024-07-24T19:48:30Z" name="testCase05" data-provider="excelData" finished-at="2024-07-24T19:48:41Z" duration-ms="11009" status="PASS">
          <params>
            <param index="0">
              <value>
                <![CDATA[Music]]>
              </value>
            </param>
          </params>
          <reporter-output>
          </reporter-output>
        </test-method> <!-- testCase05 -->
        <test-method signature="testCase05(java.lang.String)[pri:5, instance:demo.TestCases@52de51b6]" started-at="2024-07-24T19:48:41Z" name="testCase05" data-provider="excelData" finished-at="2024-07-24T19:48:53Z" duration-ms="11836" status="PASS">
          <params>
            <param index="0">
              <value>
                <![CDATA[Games]]>
              </value>
            </param>
          </params>
          <reporter-output>
          </reporter-output>
        </test-method> <!-- testCase05 -->
        <test-method is-config="true" signature="endTest()[pri:0, instance:demo.TestCases@52de51b6]" started-at="2024-07-24T19:48:53Z" name="endTest" finished-at="2024-07-24T19:48:54Z" duration-ms="937" status="PASS">
          <reporter-output>
          </reporter-output>
        </test-method> <!-- endTest -->
      </class> <!-- demo.TestCases -->
    </test> <!-- Test Cases for Buildout -->
  </suite> <!-- Test Suite for Buildout -->
</testng-results>
